<?xml version="1.0" encoding="UTF-8"?>
<coverage generated="1732149049120" clover="3.2.0">
  <project timestamp="1732149049120" name="All files">
    <metrics statements="9" coveredstatements="9" conditionals="7" coveredconditionals="5" methods="3" coveredmethods="3" elements="19" coveredelements="17" complexity="0" loc="9" ncloc="9" packages="2" files="2" classes="2"/>
    <package name="src">
      <metrics statements="5" coveredstatements="5" conditionals="0" coveredconditionals="0" methods="1" coveredmethods="1"/>
      <file name="App.tsx" path="C:\Users\user\OneDrive\Desktop\landing-page\Dragons-FINAL\src\App.tsx">
        <metrics statements="5" coveredstatements="5" conditionals="0" coveredconditionals="0" methods="1" coveredmethods="1"/>
        <line num="1" count="1" type="stmt"/>
        <line num="2" count="1" type="stmt"/>
        <line num="5" count="1" type="stmt"/>
        <line num="26" count="1" type="stmt"/>
        <line num="33" count="1" type="stmt"/>
      </file>
    </package>
    <package name="src.components">
      <metrics statements="4" coveredstatements="4" conditionals="7" coveredconditionals="5" methods="2" coveredmethods="2"/>
      <file name="DetailClientTable.tsx" path="C:\Users\user\OneDrive\Desktop\landing-page\Dragons-FINAL\src\components\DetailClientTable.tsx">
        <metrics statements="4" coveredstatements="4" conditionals="7" coveredconditionals="5" methods="2" coveredmethods="2"/>
        <line num="1" count="1" type="stmt"/>
        <line num="4" count="1" type="stmt"/>
        <line num="5" count="1" type="stmt"/>
        <line num="58" count="1" type="stmt"/>
      </file>
    </package>
  </project>
</coverage>
