{"C:\\Users\\user\\OneDrive\\Desktop\\landing-page\\Dragons-FINAL\\src\\components\\Header.tsx": {"path":"C:\\Users\\user\\OneDrive\\Desktop\\landing-page\\Dragons-FINAL\\src\\components\\Header.tsx","statementMap":{"0":{"start":{"line":6,"column":0},"end":{"line":6,"column":16}},"1":{"start":{"line":1,"column":0},"end":{"line":1,"column":65}},"2":{"start":{"line":2,"column":0},"end":{"line":2,"column":67}},"3":{"start":{"line":3,"column":0},"end":{"line":3,"column":40}},"4":{"start":{"line":4,"column":0},"end":{"line":4,"column":33}},"5":{"start":{"line":7,"column":34},"end":{"line":7,"column":49}},"6":{"start":{"line":7,"column":17},"end":{"line":7,"column":19}},"7":{"start":{"line":7,"column":30},"end":{"line":7,"column":34}},"8":{"start":{"line":9,"column":2},"end":{"line":59,"column":4}},"9":{"start":{"line":18,"column":25},"end":{"line":18,"column":null}}},"fnMap":{"0":{"name":"Header","decl":{"start":{"line":6,"column":16},"end":{"line":6,"column":22}},"loc":{"start":{"line":6,"column":22},"end":{"line":60,"column":1}}},"1":{"name":"(anonymous_1)","decl":{"start":{"line":18,"column":19},"end":{"line":18,"column":25}},"loc":{"start":{"line":18,"column":19},"end":{"line":18,"column":36}}}},"branchMap":{"0":{"loc":{"start":{"line":27,"column":10},"end":{"line":27,"column":39}},"type":"cond-expr","locations":[{"start":{"line":27,"column":21},"end":{"line":27,"column":28}},{"start":{"line":27,"column":31},"end":{"line":27,"column":39}}]}},"s":{"0":1,"1":1,"2":1,"3":1,"4":1,"5":3,"6":3,"7":3,"8":3,"9":0},"f":{"0":3,"1":0},"b":{"0":[0,3]}}
,"C:\\Users\\user\\OneDrive\\Desktop\\landing-page\\Dragons-FINAL\\src\\layout\\Main.tsx": {"path":"C:\\Users\\user\\OneDrive\\Desktop\\landing-page\\Dragons-FINAL\\src\\layout\\Main.tsx","statementMap":{"0":{"start":{"line":1,"column":0},"end":{"line":1,"column":46}},"1":{"start":{"line":3,"column":20},"end":{"line":12,"column":1}},"2":{"start":{"line":3,"column":31},"end":{"line":3,"column":64}},"3":{"start":{"line":4,"column":4},"end":{"line":11,"column":6}},"4":{"start":{"line":3,"column":13},"end":{"line":3,"column":20}}},"fnMap":{"0":{"name":"(anonymous_0)","decl":{"start":{"line":3,"column":20},"end":{"line":3,"column":21}},"loc":{"start":{"line":3,"column":64},"end":{"line":12,"column":1}}}},"branchMap":{},"s":{"0":1,"1":1,"2":3,"3":3,"4":1},"f":{"0":3},"b":{}}
,"C:\\Users\\user\\OneDrive\\Desktop\\landing-page\\Dragons-FINAL\\src\\pages\\Client.tsx": {"path":"C:\\Users\\user\\OneDrive\\Desktop\\landing-page\\Dragons-FINAL\\src\\pages\\Client.tsx","statementMap":{"0":{"start":{"line":7,"column":0},"end":{"line":7,"column":16}},"1":{"start":{"line":1,"column":0},"end":{"line":1,"column":51}},"2":{"start":{"line":2,"column":0},"end":{"line":2,"column":38}},"3":{"start":{"line":3,"column":0},"end":{"line":3,"column":54}},"4":{"start":{"line":5,"column":0},"end":{"line":5,"column":26}},"5":{"start":{"line":8,"column":34},"end":{"line":8,"column":56}},"6":{"start":{"line":8,"column":17},"end":{"line":8,"column":19}},"7":{"start":{"line":8,"column":30},"end":{"line":8,"column":34}},"8":{"start":{"line":9,"column":32},"end":{"line":9,"column":55}},"9":{"start":{"line":9,"column":16},"end":{"line":9,"column":18}},"10":{"start":{"line":9,"column":28},"end":{"line":9,"column":32}},"11":{"start":{"line":10,"column":28},"end":{"line":10,"column":56}},"12":{"start":{"line":10,"column":14},"end":{"line":10,"column":16}},"13":{"start":{"line":10,"column":24},"end":{"line":10,"column":28}},"14":{"start":{"line":12,"column":2},"end":{"line":22,"column":9}},"15":{"start":{"line":13,"column":4},"end":{"line":21,"column":9}},"16":{"start":{"line":15,"column":8},"end":{"line":15,"column":35}},"17":{"start":{"line":16,"column":8},"end":{"line":16,"column":26}},"18":{"start":{"line":19,"column":8},"end":{"line":19,"column":22}},"19":{"start":{"line":20,"column":8},"end":{"line":20,"column":26}},"20":{"start":{"line":24,"column":2},"end":{"line":32,"column":4}}},"fnMap":{"0":{"name":"Cliente","decl":{"start":{"line":7,"column":16},"end":{"line":7,"column":23}},"loc":{"start":{"line":7,"column":23},"end":{"line":33,"column":1}}},"1":{"name":"(anonymous_2)","decl":{"start":{"line":12,"column":12},"end":{"line":12,"column":null}},"loc":{"start":{"line":12,"column":12},"end":{"line":22,"column":3}}},"2":{"name":"(anonymous_3)","decl":{"start":{"line":14,"column":12},"end":{"line":14,"column":20}},"loc":{"start":{"line":14,"column":20},"end":{"line":17,"column":7}}},"3":{"name":"(anonymous_4)","decl":{"start":{"line":18,"column":13},"end":{"line":18,"column":16}},"loc":{"start":{"line":18,"column":16},"end":{"line":21,"column":7}}}},"branchMap":{},"s":{"0":1,"1":1,"2":1,"3":1,"4":1,"5":3,"6":3,"7":3,"8":3,"9":3,"10":3,"11":3,"12":3,"13":3,"14":3,"15":3,"16":0,"17":0,"18":0,"19":0,"20":3},"f":{"0":3,"1":3,"2":0,"3":0},"b":{}}
}
