{"C:\\Users\\user\\OneDrive\\Desktop\\landing-page\\Dragons-FINAL\\src\\App.tsx": {"path":"C:\\Users\\user\\OneDrive\\Desktop\\landing-page\\Dragons-FINAL\\src\\App.tsx","statementMap":{"0":{"start":{"line":1,"column":0},"end":{"line":1,"column":26}},"1":{"start":{"line":2,"column":0},"end":{"line":2,"column":67}},"2":{"start":{"line":5,"column":24},"end":{"line":23,"column":2}},"3":{"start":{"line":26,"column":2},"end":{"line":30,"column":4}},"4":{"start":{"line":33,"column":0},"end":{"line":33,"column":19}}},"fnMap":{"0":{"name":"App","decl":{"start":{"line":25,"column":9},"end":{"line":25,"column":12}},"loc":{"start":{"line":25,"column":12},"end":{"line":31,"column":1}}}},"branchMap":{},"s":{"0":1,"1":1,"2":1,"3":1,"4":1},"f":{"0":1},"b":{}}
,"C:\\Users\\user\\OneDrive\\Desktop\\landing-page\\Dragons-FINAL\\src\\components\\DetailClientTable.tsx": {"path":"C:\\Users\\user\\OneDrive\\Desktop\\landing-page\\Dragons-FINAL\\src\\components\\DetailClientTable.tsx","statementMap":{"0":{"start":{"line":4,"column":0},"end":{"line":4,"column":16}},"1":{"start":{"line":1,"column":0},"end":{"line":1,"column":26}},"2":{"start":{"line":4,"column":43},"end":{"line":4,"column":66}},"3":{"start":{"line":5,"column":2},"end":{"line":91,"column":4}},"4":{"start":{"line":58,"column":58},"end":{"line":85,"column":16}}},"fnMap":{"0":{"name":"DetailClientTable","decl":{"start":{"line":4,"column":16},"end":{"line":4,"column":33}},"loc":{"start":{"line":4,"column":66},"end":{"line":92,"column":1}}},"1":{"name":"(anonymous_2)","decl":{"start":{"line":58,"column":37},"end":{"line":58,"column":38}},"loc":{"start":{"line":58,"column":53},"end":{"line":58,"column":null}}}},"branchMap":{"0":{"loc":{"start":{"line":45,"column":16},"end":{"line":45,"column":66}},"type":"cond-expr","locations":[{"start":{"line":45,"column":33},"end":{"line":45,"column":49}},{"start":{"line":45,"column":52},"end":{"line":45,"column":66}}]},"1":{"loc":{"start":{"line":48,"column":15},"end":{"line":48,"column":53}},"type":"cond-expr","locations":[{"start":{"line":48,"column":32},"end":{"line":48,"column":40}},{"start":{"line":48,"column":43},"end":{"line":48,"column":53}}]},"2":{"loc":{"start":{"line":52,"column":9},"end":{"line":87,"column":null}},"type":"binary-expr","locations":[{"start":{"line":52,"column":9},"end":{"line":52,"column":26}},{"start":{"line":52,"column":30},"end":{"line":52,"column":58}},{"start":{"line":53,"column":10},"end":{"line":86,"column":null}}]}},"s":{"0":1,"1":1,"2":1,"3":1,"4":1},"f":{"0":1,"1":1},"b":{"0":[1,0],"1":[1,0],"2":[1,1,1]}}
}
