TN:
SF:src\App.tsx
FN:25,App
FNF:1
FNH:1
FNDA:1,App
DA:2,1
DA:5,1
DA:26,1
DA:33,1
LF:4
LH:4
BRF:0
BRH:0
end_of_record
TN:
SF:src\api\axios.ts
FNF:0
FNH:0
DA:1,1
DA:3,1
LF:2
LH:2
BRF:0
BRH:0
end_of_record
TN:
SF:src\components\ClientList.tsx
FN:13,ClientList
FN:48,(anonymous_1)
FNF:2
FNH:2
FNDA:1,ClientList
FNDA:1,(anonymous_1)
DA:2,1
DA:4,1
DA:5,1
DA:13,1
DA:14,1
DA:15,0
DA:18,1
DA:19,0
DA:22,1
DA:23,0
DA:30,1
DA:49,1
LF:12
LH:9
BRDA:14,0,0,0
BRDA:18,1,0,0
BRDA:22,2,0,0
BRF:3
BRH:0
end_of_record
TN:
SF:src\components\ClientRow.tsx
FN:13,(anonymous_0)
FN:18,(anonymous_1)
FN:22,(anonymous_2)
FN:29,(anonymous_3)
FN:30,(anonymous_4)
FNF:5
FNH:1
FNDA:1,(anonymous_0)
FNDA:0,(anonymous_1)
FNDA:0,(anonymous_2)
FNDA:0,(anonymous_3)
FNDA:0,(anonymous_4)
DA:1,1
DA:2,1
DA:3,1
DA:4,1
DA:6,1
DA:7,1
DA:13,1
DA:14,1
DA:15,1
DA:16,1
DA:18,1
DA:19,0
DA:23,0
DA:29,1
DA:30,1
DA:32,1
LF:16
LH:14
BRDA:34,0,0,0
BRDA:34,0,1,1
BRDA:47,1,0,1
BRDA:47,1,1,0
BRDA:64,2,0,1
BRDA:64,2,1,0
BRDA:67,3,0,1
BRDA:67,3,1,0
BRDA:68,4,0,1
BRDA:68,4,1,0
BRDA:73,5,0,1
BRDA:73,5,1,0
BRF:12
BRH:6
end_of_record
TN:
SF:src\components\DetailClientTable.tsx
FN:4,DetailClientTable
FN:58,(anonymous_1)
FNF:2
FNH:2
FNDA:1,DetailClientTable
FNDA:1,(anonymous_1)
DA:4,1
DA:5,1
DA:59,1
LF:3
LH:3
BRDA:45,0,0,1
BRDA:45,0,1,0
BRDA:48,1,0,1
BRDA:48,1,1,0
BRDA:52,2,0,1
BRDA:52,2,1,1
BRDA:52,2,2,1
BRF:7
BRH:5
end_of_record
TN:
SF:src\components\ErrorMessage.tsx
FN:7,(anonymous_0)
FNF:1
FNH:0
FNDA:0,(anonymous_0)
DA:7,1
DA:8,0
LF:2
LH:1
BRF:0
BRH:0
end_of_record
TN:
SF:src\components\Header.tsx
FN:6,Header
FN:18,(anonymous_1)
FNF:2
FNH:1
FNDA:9,Header
FNDA:0,(anonymous_1)
DA:1,1
DA:2,1
DA:3,1
DA:4,1
DA:6,1
DA:7,9
DA:9,9
DA:18,0
LF:8
LH:7
BRDA:27,0,0,0
BRDA:27,0,1,9
BRF:2
BRH:1
end_of_record
TN:
SF:src\components\Loading.tsx
FN:4,(anonymous_0)
FNF:1
FNH:0
FNDA:0,(anonymous_0)
DA:2,1
DA:4,1
DA:5,0
LF:3
LH:2
BRF:0
BRH:0
end_of_record
TN:
SF:src\components\UpdateClienteForm.tsx
FN:11,(anonymous_0)
FN:16,(anonymous_1)
FNF:2
FNH:0
FNDA:0,(anonymous_0)
FNDA:0,(anonymous_1)
DA:2,1
DA:3,1
DA:11,1
DA:12,0
DA:16,0
DA:18,0
DA:19,0
DA:22,0
LF:8
LH:3
BRDA:37,0,0,0
BRDA:37,0,1,0
BRDA:45,1,0,0
BRDA:45,1,1,0
BRDA:53,2,0,0
BRDA:53,2,1,0
BRDA:61,3,0,0
BRDA:61,3,1,0
BRDA:69,4,0,0
BRDA:69,4,1,0
BRDA:77,5,0,0
BRDA:77,5,1,0
BRF:12
BRH:0
end_of_record
TN:
SF:src\hooks\useToggleClientStatus.ts
FN:4,(anonymous_0)
FN:7,(anonymous_1)
FN:8,(anonymous_2)
FN:11,(anonymous_3)
FNF:4
FNH:1
FNDA:1,(anonymous_0)
FNDA:0,(anonymous_1)
FNDA:0,(anonymous_2)
FNDA:0,(anonymous_3)
DA:1,1
DA:2,1
DA:4,1
DA:5,1
DA:6,1
DA:7,0
DA:9,0
DA:12,0
LF:8
LH:5
BRF:0
BRH:0
end_of_record
TN:
SF:src\layout\Main.tsx
FN:3,(anonymous_0)
FNF:1
FNH:1
FNDA:9,(anonymous_0)
DA:1,1
DA:3,1
DA:4,9
LF:3
LH:3
BRF:0
BRH:0
end_of_record
TN:
SF:src\pages\Client.tsx
FN:8,Cliente
FN:13,(anonymous_2)
FN:15,(anonymous_3)
FN:19,(anonymous_4)
FNF:4
FNH:4
FNDA:10,Cliente
FNDA:6,(anonymous_2)
FNDA:4,(anonymous_3)
FNDA:2,(anonymous_4)
DA:1,1
DA:2,1
DA:3,1
DA:4,1
DA:6,1
DA:8,1
DA:9,10
DA:10,9
DA:11,9
DA:13,9
DA:14,6
DA:16,4
DA:17,4
DA:20,2
DA:21,2
DA:25,9
DA:26,9
DA:28,9
LF:18
LH:18
BRDA:41,0,0,6
BRDA:41,0,1,3
BRDA:43,1,0,1
BRDA:43,1,1,2
BRDA:45,2,0,1
BRDA:45,2,1,1
BRF:6
BRH:6
end_of_record
TN:
SF:src\services\ClienteServices.ts
FN:3,(anonymous_7)
FN:3,(anonymous_8)
FN:12,(anonymous_9)
FN:12,(anonymous_10)
FN:21,(anonymous_11)
FN:21,(anonymous_12)
FN:29,(anonymous_13)
FN:29,(anonymous_14)
FNF:8
FNH:0
FNDA:0,(anonymous_7)
FNDA:0,(anonymous_8)
FNDA:0,(anonymous_9)
FNDA:0,(anonymous_10)
FNDA:0,(anonymous_11)
FNDA:0,(anonymous_12)
FNDA:0,(anonymous_13)
FNDA:0,(anonymous_14)
DA:1,1
DA:3,1
DA:4,0
DA:5,0
DA:6,0
DA:8,0
DA:12,1
DA:13,0
DA:14,0
DA:15,0
DA:17,0
DA:21,1
DA:22,0
DA:23,0
DA:24,0
DA:26,0
DA:29,1
DA:30,0
DA:31,0
DA:32,0
DA:34,0
LF:21
LH:5
BRDA:17,0,0,0
BRDA:17,0,1,0
BRDA:17,1,0,0
BRDA:17,1,1,0
BRDA:17,2,0,0
BRDA:17,2,1,0
BRDA:17,3,0,0
BRDA:17,3,1,0
BRDA:17,4,0,0
BRDA:17,4,1,0
BRDA:26,5,0,0
BRDA:26,5,1,0
BRDA:26,6,0,0
BRDA:26,6,1,0
BRDA:26,7,0,0
BRDA:26,7,1,0
BRDA:26,8,0,0
BRDA:26,8,1,0
BRDA:26,9,0,0
BRDA:26,9,1,0
BRDA:34,10,0,0
BRDA:34,10,1,0
BRDA:34,11,0,0
BRDA:34,11,1,0
BRDA:34,12,0,0
BRDA:34,12,1,0
BRDA:34,13,0,0
BRDA:34,13,1,0
BRDA:34,14,0,0
BRDA:34,14,1,0
BRF:30
BRH:0
end_of_record
