TN:
SF:src\components\ClientList.tsx
FN:12,ClientList
FN:47,(anonymous_1)
FNF:2
FNH:2
FNDA:10,ClientList
FNDA:3,(anonymous_1)
DA:3,1
DA:4,1
DA:12,10
DA:13,10
DA:14,5
DA:17,5
DA:18,1
DA:21,4
DA:22,1
DA:29,3
DA:47,3
LF:11
LH:11
BRDA:13,0,0,5
BRDA:17,1,0,1
BRDA:21,2,0,1
BRDA:56,3,0,3
BRDA:56,3,1,0
BRF:5
BRH:4
end_of_record
TN:
SF:src\components\ErrorMessage.tsx
FN:7,ErrorMessage
FNF:1
FNH:1
FNDA:1,ErrorMessage
DA:7,1
DA:8,1
LF:2
LH:2
BRF:0
BRH:0
end_of_record
TN:
SF:src\components\Header.tsx
FN:6,Header
FN:18,(anonymous_1)
FNF:2
FNH:1
FNDA:10,Header
FNDA:0,(anonymous_1)
DA:1,1
DA:2,1
DA:3,1
DA:4,1
DA:6,1
DA:7,10
DA:9,10
DA:18,0
LF:8
LH:7
BRDA:27,0,0,0
BRDA:27,0,1,10
BRF:2
BRH:1
end_of_record
TN:
SF:src\components\Loading.tsx
FN:3,(anonymous_0)
FNF:1
FNH:1
FNDA:5,(anonymous_0)
DA:1,1
DA:3,1
DA:4,5
LF:3
LH:3
BRF:0
BRH:0
end_of_record
TN:
SF:src\layout\Main.tsx
FN:3,(anonymous_0)
FNF:1
FNH:1
FNDA:10,(anonymous_0)
DA:1,1
DA:3,10
DA:4,10
LF:3
LH:3
BRF:0
BRH:0
end_of_record
TN:
SF:src\pages\Client.tsx
FN:7,Cliente
FN:12,(anonymous_2)
FN:14,(anonymous_3)
FN:18,(anonymous_4)
FNF:4
FNH:4
FNDA:10,Cliente
FNDA:5,(anonymous_2)
FNDA:4,(anonymous_3)
FNDA:1,(anonymous_4)
DA:1,1
DA:2,1
DA:3,1
DA:5,1
DA:7,1
DA:8,10
DA:9,10
DA:10,10
DA:12,10
DA:13,5
DA:15,4
DA:16,4
DA:19,1
DA:20,1
DA:24,10
LF:15
LH:15
BRF:0
BRH:0
end_of_record
